{
  "RSpec": {
    "coverage": {
      "/Users/TL2/turing_work/2mod/projects/airports_planes/config/environment.rb": {
        "lines": [
          null,
          1,
          null,
          null,
          1
        ]
      },
      "/Users/TL2/turing_work/2mod/projects/airports_planes/config/application.rb": {
        "lines": [
          1,
          null,
          1,
          null,
          1,
          1,
          1,
          1,
          1,
          1,
          1,
          1,
          1,
          1,
          null,
          null,
          null,
          null,
          1,
          null,
          1,
          1,
          null,
          1,
          null,
          null,
          null,
          null,
          null,
          null,
          null,
          null,
          null,
          null,
          1,
          null,
          null
        ]
      },
      "/Users/TL2/turing_work/2mod/projects/airports_planes/config/boot.rb": {
        "lines": [
          1,
          null,
          1,
          1
        ]
      },
      "/Users/TL2/turing_work/2mod/projects/airports_planes/config/environments/test.rb": {
        "lines": [
          1,
          null,
          null,
          null,
          null,
          null,
          null,
          1,
          null,
          null,
          null,
          1,
          null,
          null,
          null,
          null,
          1,
          null,
          null,
          1,
          1,
          null,
          null,
          null,
          null,
          1,
          1,
          1,
          null,
          null,
          1,
          null,
          null,
          1,
          null,
          null,
          1,
          null,
          1,
          null,
          null,
          null,
          null,
          1,
          null,
          null,
          1,
          null,
          null,
          1,
          null,
          null,
          1,
          null,
          null,
          null,
          null,
          null,
          null,
          null
        ]
      },
      "/Users/TL2/turing_work/2mod/projects/airports_planes/config/initializers/assets.rb": {
        "lines": [
          null,
          null,
          null,
          1,
          null,
          null,
          null,
          null,
          null,
          null,
          null,
          null
        ]
      },
      "/Users/TL2/turing_work/2mod/projects/airports_planes/config/initializers/content_security_policy.rb": {
        "lines": [
          null,
          null,
          null,
          null,
          null,
          null,
          null,
          null,
          null,
          null,
          null,
          null,
          null,
          null,
          null,
          null,
          null,
          null,
          null,
          null,
          null,
          null,
          null,
          null,
          null
        ]
      },
      "/Users/TL2/turing_work/2mod/projects/airports_planes/config/initializers/filter_parameter_logging.rb": {
        "lines": [
          null,
          null,
          null,
          null,
          null,
          1,
          null,
          null
        ]
      },
      "/Users/TL2/turing_work/2mod/projects/airports_planes/config/initializers/inflections.rb": {
        "lines": [
          null,
          null,
          null,
          null,
          null,
          null,
          null,
          null,
          null,
          null,
          null,
          null,
          null,
          null,
          null,
          null
        ]
      },
      "/Users/TL2/turing_work/2mod/projects/airports_planes/config/initializers/permissions_policy.rb": {
        "lines": [
          null,
          null,
          null,
          null,
          null,
          null,
          null,
          null,
          null,
          null,
          null
        ]
      },
      "/Users/TL2/turing_work/2mod/projects/airports_planes/config/routes.rb": {
        "lines": [
          1,
          null,
          null,
          null,
          null,
          1,
          null
        ]
      },
      "/Users/TL2/turing_work/2mod/projects/airports_planes/app/helpers/application_helper.rb": {
        "lines": [
          1,
          null
        ]
      },
      "/Users/TL2/turing_work/2mod/projects/airports_planes/app/models/airport.rb": {
        "lines": [
          1,
          1,
          null,
          1,
          1,
          1,
          null
        ]
      },
      "/Users/TL2/turing_work/2mod/projects/airports_planes/app/models/application_record.rb": {
        "lines": [
          1,
          1,
          null
        ]
      },
      "/Users/TL2/turing_work/2mod/projects/airports_planes/app/models/plane.rb": {
        "lines": [
          1,
          null,
          null
        ]
      }
    },
    "timestamp": 1693256895
  }
}
